c:\users\jfbug.laptop-m5u88nv6\documents\francisco\universidade\programação orientada a objetos\trabalho prático\trabalhopratico\trabalhopratico\x64\debug\vc142.pdb
c:\users\jfbug.laptop-m5u88nv6\documents\francisco\universidade\programação orientada a objetos\trabalho prático\trabalhopratico\trabalhopratico\x64\debug\vc142.idb
c:\users\jfbug.laptop-m5u88nv6\documents\francisco\universidade\programação orientada a objetos\trabalho prático\trabalhopratico\trabalhopratico\x64\debug\utils.obj
c:\users\jfbug.laptop-m5u88nv6\documents\francisco\universidade\programação orientada a objetos\trabalho prático\trabalhopratico\trabalhopratico\x64\debug\simulacao.obj
c:\users\jfbug.laptop-m5u88nv6\documents\francisco\universidade\programação orientada a objetos\trabalho prático\trabalhopratico\trabalhopratico\x64\debug\pilotosurpresa.obj
c:\users\jfbug.laptop-m5u88nv6\documents\francisco\universidade\programação orientada a objetos\trabalho prático\trabalhopratico\trabalhopratico\x64\debug\pilotorapido.obj
c:\users\jfbug.laptop-m5u88nv6\documents\francisco\universidade\programação orientada a objetos\trabalho prático\trabalhopratico\trabalhopratico\x64\debug\piloto.obj
c:\users\jfbug.laptop-m5u88nv6\documents\francisco\universidade\programação orientada a objetos\trabalho prático\trabalhopratico\trabalhopratico\x64\debug\main.obj
c:\users\jfbug.laptop-m5u88nv6\documents\francisco\universidade\programação orientada a objetos\trabalho prático\trabalhopratico\trabalhopratico\x64\debug\interface.obj
c:\users\jfbug.laptop-m5u88nv6\documents\francisco\universidade\programação orientada a objetos\trabalho prático\trabalhopratico\trabalhopratico\x64\debug\garagem.obj
c:\users\jfbug.laptop-m5u88nv6\documents\francisco\universidade\programação orientada a objetos\trabalho prático\trabalhopratico\trabalhopratico\x64\debug\direcaogeralviacao.obj
c:\users\jfbug.laptop-m5u88nv6\documents\francisco\universidade\programação orientada a objetos\trabalho prático\trabalhopratico\trabalhopratico\x64\debug\crazydriver.obj
c:\users\jfbug.laptop-m5u88nv6\documents\francisco\universidade\programação orientada a objetos\trabalho prático\trabalhopratico\trabalhopratico\x64\debug\consola.obj
c:\users\jfbug.laptop-m5u88nv6\documents\francisco\universidade\programação orientada a objetos\trabalho prático\trabalhopratico\trabalhopratico\x64\debug\carro.obj
c:\users\jfbug.laptop-m5u88nv6\documents\francisco\universidade\programação orientada a objetos\trabalho prático\trabalhopratico\trabalhopratico\x64\debug\campeonato.obj
c:\users\jfbug.laptop-m5u88nv6\documents\francisco\universidade\programação orientada a objetos\trabalho prático\trabalhopratico\trabalhopratico\x64\debug\autodromo.obj
c:\users\jfbug.laptop-m5u88nv6\documents\francisco\universidade\programação orientada a objetos\trabalho prático\trabalhopratico\x64\debug\trabalhopratico.ilk
c:\users\jfbug.laptop-m5u88nv6\documents\francisco\universidade\programação orientada a objetos\trabalho prático\trabalhopratico\x64\debug\trabalhopratico.exe
c:\users\jfbug.laptop-m5u88nv6\documents\francisco\universidade\programação orientada a objetos\trabalho prático\trabalhopratico\x64\debug\trabalhopratico.pdb
c:\users\jfbug.laptop-m5u88nv6\documents\francisco\universidade\programação orientada a objetos\trabalho prático\trabalhopratico\trabalhopratico\x64\debug\pista.obj
c:\users\jfbug.laptop-m5u88nv6\documents\francisco\universidade\programação orientada a objetos\trabalho prático\trabalhopratico\trabalhopratico\x64\debug\trabalhopratico.tlog\cl.command.1.tlog
c:\users\jfbug.laptop-m5u88nv6\documents\francisco\universidade\programação orientada a objetos\trabalho prático\trabalhopratico\trabalhopratico\x64\debug\trabalhopratico.tlog\cl.read.1.tlog
c:\users\jfbug.laptop-m5u88nv6\documents\francisco\universidade\programação orientada a objetos\trabalho prático\trabalhopratico\trabalhopratico\x64\debug\trabalhopratico.tlog\cl.write.1.tlog
c:\users\jfbug.laptop-m5u88nv6\documents\francisco\universidade\programação orientada a objetos\trabalho prático\trabalhopratico\trabalhopratico\x64\debug\trabalhopratico.tlog\link.command.1.tlog
c:\users\jfbug.laptop-m5u88nv6\documents\francisco\universidade\programação orientada a objetos\trabalho prático\trabalhopratico\trabalhopratico\x64\debug\trabalhopratico.tlog\link.read.1.tlog
c:\users\jfbug.laptop-m5u88nv6\documents\francisco\universidade\programação orientada a objetos\trabalho prático\trabalhopratico\trabalhopratico\x64\debug\trabalhopratico.tlog\link.write.1.tlog
